;  LST file generated by mikroListExporter - v.2.0 
; Date/Time: 7/31/2023 6:42:44 PM
;----------------------------------------------

;Address Opcode 	ASM
0x0000	0x2967      	GOTO       359
_____DoICP:
;__Lib_System.c,6 :: 		
;__Lib_System.c,9 :: 		
0x0003	0x1283      	BCF        STATUS, 5
0x0004	0x1303      	BCF        STATUS, 6
0x0005	0x0827      	MOVF       ___DoICPAddr+1, 0
0x0006	0x008A      	MOVWF      PCLATH
;__Lib_System.c,10 :: 		
0x0007	0x0826      	MOVF       ___DoICPAddr, 0
0x0008	0x0082      	MOVWF      PCL
;__Lib_System.c,12 :: 		
L_end_____DoICP:
0x0009	0x0008      	RETURN
; end of _____DoICP
___CC2DW:
;__Lib_System.c,134 :: 		
;__Lib_System.c,137 :: 		
_CC2D_Loop1:
;__Lib_System.c,139 :: 		
0x000A	0x2003      	CALL       _____DoICP
0x000B	0x118A      	BCF        PCLATH, 3
0x000C	0x120A      	BCF        PCLATH, 4
;__Lib_System.c,141 :: 		
0x000D	0x0080      	MOVWF      INDF
;__Lib_System.c,142 :: 		
0x000E	0x0A84      	INCF       FSR, 1
;__Lib_System.c,143 :: 		
0x000F	0x0AA6      	INCF       ___DoICPAddr, 1
;__Lib_System.c,145 :: 		
0x0010	0x1903      	BTFSC      STATUS, 2
;__Lib_System.c,146 :: 		
0x0011	0x0AA7      	INCF       ___DoICPAddr+1, 1
;__Lib_System.c,147 :: 		
0x0012	0x03F0      	DECF       R0, 1
;__Lib_System.c,149 :: 		
0x0013	0x1D03      	BTFSS      STATUS, 2
;__Lib_System.c,150 :: 		
0x0014	0x280A      	GOTO       _CC2D_Loop1
;__Lib_System.c,152 :: 		
L_end___CC2DW:
0x0015	0x0008      	RETURN
; end of ___CC2DW
_Manual:
;Traffic Light.c,25 :: 		void Manual(){
;Traffic Light.c,26 :: 		M_Counter = 1 ;
0x0016	0x3001      	MOVLW      1
0x0017	0x1283      	BCF        STATUS, 5
0x0018	0x1303      	BCF        STATUS, 6
0x0019	0x00A4      	MOVWF      _M_Counter
0x001A	0x3000      	MOVLW      0
0x001B	0x00A5      	MOVWF      _M_Counter+1
;Traffic Light.c,27 :: 		portb = 0x00 ;
0x001C	0x0186      	CLRF       PORTB
;Traffic Light.c,28 :: 		West_Yellow = 0 ;
0x001D	0x1287      	BCF        PORTC, 5
;Traffic Light.c,29 :: 		West_Red = 1 ;
0x001E	0x1607      	BSF        PORTC, 4
;Traffic Light.c,30 :: 		West_Green = 0 ;
0x001F	0x1307      	BCF        PORTC, 6
;Traffic Light.c,31 :: 		South_Red = 0 ;
0x0020	0x1387      	BCF        PORTC, 7
;Traffic Light.c,32 :: 		South_Yellow = 0 ;
0x0021	0x1008      	BCF        PORTD, 0
;Traffic Light.c,33 :: 		South_Green = 1 ;
0x0022	0x1488      	BSF        PORTD, 1
;Traffic Light.c,34 :: 		while( M_A_SW == 1 ){
L_Manual0:
0x0023	0x1D08      	BTFSS      PORTD, 2
0x0024	0x28C8      	GOTO       L_Manual1
;Traffic Light.c,35 :: 		M_SW_Cur = M_SW ;
0x0025	0x3000      	MOVLW      0
0x0026	0x1988      	BTFSC      PORTD, 3
0x0027	0x3001      	MOVLW      1
0x0028	0x00A0      	MOVWF      _M_SW_Cur
0x0029	0x01A1      	CLRF       _M_SW_Cur+1
;Traffic Light.c,36 :: 		if( M_SW_Cur == 1 && M_SW_Lst == 0 ){
0x002A	0x3000      	MOVLW      0
0x002B	0x0621      	XORWF      _M_SW_Cur+1, 0
0x002C	0x1D03      	BTFSS      STATUS, 2
0x002D	0x2830      	GOTO       L__Manual44
0x002E	0x3001      	MOVLW      1
0x002F	0x0620      	XORWF      _M_SW_Cur, 0
L__Manual44:
0x0030	0x1D03      	BTFSS      STATUS, 2
0x0031	0x28BF      	GOTO       L_Manual4
0x0032	0x3000      	MOVLW      0
0x0033	0x0623      	XORWF      _M_SW_Lst+1, 0
0x0034	0x1D03      	BTFSS      STATUS, 2
0x0035	0x2838      	GOTO       L__Manual45
0x0036	0x3000      	MOVLW      0
0x0037	0x0622      	XORWF      _M_SW_Lst, 0
L__Manual45:
0x0038	0x1D03      	BTFSS      STATUS, 2
0x0039	0x28BF      	GOTO       L_Manual4
L__Manual38:
;Traffic Light.c,37 :: 		++M_Counter ;
0x003A	0x0AA4      	INCF       _M_Counter, 1
0x003B	0x1903      	BTFSC      STATUS, 2
0x003C	0x0AA5      	INCF       _M_Counter+1, 1
;Traffic Light.c,38 :: 		if( M_Counter == 1 ){
0x003D	0x3000      	MOVLW      0
0x003E	0x0625      	XORWF      _M_Counter+1, 0
0x003F	0x1D03      	BTFSS      STATUS, 2
0x0040	0x2843      	GOTO       L__Manual46
0x0041	0x3001      	MOVLW      1
0x0042	0x0624      	XORWF      _M_Counter, 0
L__Manual46:
0x0043	0x1D03      	BTFSS      STATUS, 2
0x0044	0x284B      	GOTO       L_Manual5
;Traffic Light.c,39 :: 		West_Yellow = 0 ;
0x0045	0x1287      	BCF        PORTC, 5
;Traffic Light.c,40 :: 		West_Red = 1 ;
0x0046	0x1607      	BSF        PORTC, 4
;Traffic Light.c,41 :: 		West_Green = 0 ;
0x0047	0x1307      	BCF        PORTC, 6
;Traffic Light.c,42 :: 		South_Red = 0 ;
0x0048	0x1387      	BCF        PORTC, 7
;Traffic Light.c,43 :: 		South_Yellow = 0 ;
0x0049	0x1008      	BCF        PORTD, 0
;Traffic Light.c,44 :: 		South_Green = 1 ;
0x004A	0x1488      	BSF        PORTD, 1
;Traffic Light.c,45 :: 		}
L_Manual5:
;Traffic Light.c,46 :: 		if( M_Counter == 2 ){
0x004B	0x3000      	MOVLW      0
0x004C	0x0625      	XORWF      _M_Counter+1, 0
0x004D	0x1D03      	BTFSS      STATUS, 2
0x004E	0x2851      	GOTO       L__Manual47
0x004F	0x3002      	MOVLW      2
0x0050	0x0624      	XORWF      _M_Counter, 0
L__Manual47:
0x0051	0x1D03      	BTFSS      STATUS, 2
0x0052	0x2884      	GOTO       L_Manual6
;Traffic Light.c,47 :: 		West_Yellow = 1 ;
0x0053	0x1687      	BSF        PORTC, 5
;Traffic Light.c,48 :: 		West_Red = 0 ;
0x0054	0x1207      	BCF        PORTC, 4
;Traffic Light.c,49 :: 		West_Green = 0 ;
0x0055	0x1307      	BCF        PORTC, 6
;Traffic Light.c,50 :: 		South_Red = 1 ;
0x0056	0x1787      	BSF        PORTC, 7
;Traffic Light.c,51 :: 		South_Yellow = 0 ;
0x0057	0x1008      	BCF        PORTD, 0
;Traffic Light.c,52 :: 		South_Green = 0 ;
0x0058	0x1088      	BCF        PORTD, 1
;Traffic Light.c,53 :: 		for( index = 0 ; index <= 3 ; ++index ){
0x0059	0x01A8      	CLRF       _index
0x005A	0x01A9      	CLRF       _index+1
L_Manual7:
0x005B	0x3080      	MOVLW      128
0x005C	0x00F0      	MOVWF      R0
0x005D	0x3080      	MOVLW      128
0x005E	0x0629      	XORWF      _index+1, 0
0x005F	0x0270      	SUBWF      R0, 0
0x0060	0x1D03      	BTFSS      STATUS, 2
0x0061	0x2864      	GOTO       L__Manual48
0x0062	0x0828      	MOVF       _index, 0
0x0063	0x3C03      	SUBLW      3
L__Manual48:
0x0064	0x1C03      	BTFSS      STATUS, 0
0x0065	0x2884      	GOTO       L_Manual8
;Traffic Light.c,54 :: 		portb = Number[index];
0x0066	0x0828      	MOVF       _index, 0
0x0067	0x00F0      	MOVWF      R0
0x0068	0x0829      	MOVF       _index+1, 0
0x0069	0x00F1      	MOVWF      R0+1
0x006A	0x0DF0      	RLF        R0, 1
0x006B	0x0DF1      	RLF        R0+1, 1
0x006C	0x1070      	BCF        R0, 0
0x006D	0x0870      	MOVF       R0, 0
0x006E	0x3EA0      	ADDLW      _Number
0x006F	0x0084      	MOVWF      FSR
0x0070	0x0800      	MOVF       INDF, 0
0x0071	0x0086      	MOVWF      PORTB
;Traffic Light.c,55 :: 		delay_ms(1000);
0x0072	0x300B      	MOVLW      11
0x0073	0x00FB      	MOVWF      R11
0x0074	0x3026      	MOVLW      38
0x0075	0x00FC      	MOVWF      R12
0x0076	0x305D      	MOVLW      93
0x0077	0x00FD      	MOVWF      R13
L_Manual10:
0x0078	0x0BFD      	DECFSZ     R13, 1
0x0079	0x2878      	GOTO       L_Manual10
0x007A	0x0BFC      	DECFSZ     R12, 1
0x007B	0x2878      	GOTO       L_Manual10
0x007C	0x0BFB      	DECFSZ     R11, 1
0x007D	0x2878      	GOTO       L_Manual10
0x007E	0x0000      	NOP
0x007F	0x0000      	NOP
;Traffic Light.c,53 :: 		for( index = 0 ; index <= 3 ; ++index ){
0x0080	0x0AA8      	INCF       _index, 1
0x0081	0x1903      	BTFSC      STATUS, 2
0x0082	0x0AA9      	INCF       _index+1, 1
;Traffic Light.c,56 :: 		}
0x0083	0x285B      	GOTO       L_Manual7
L_Manual8:
;Traffic Light.c,57 :: 		}
L_Manual6:
;Traffic Light.c,58 :: 		if( M_Counter == 3 ){
0x0084	0x3000      	MOVLW      0
0x0085	0x0625      	XORWF      _M_Counter+1, 0
0x0086	0x1D03      	BTFSS      STATUS, 2
0x0087	0x288A      	GOTO       L__Manual49
0x0088	0x3003      	MOVLW      3
0x0089	0x0624      	XORWF      _M_Counter, 0
L__Manual49:
0x008A	0x1D03      	BTFSS      STATUS, 2
0x008B	0x28BF      	GOTO       L_Manual11
;Traffic Light.c,59 :: 		West_Yellow = 0 ;
0x008C	0x1287      	BCF        PORTC, 5
;Traffic Light.c,60 :: 		West_Red = 0 ;
0x008D	0x1207      	BCF        PORTC, 4
;Traffic Light.c,61 :: 		West_Green = 1 ;
0x008E	0x1707      	BSF        PORTC, 6
;Traffic Light.c,62 :: 		South_Red = 0 ;
0x008F	0x1387      	BCF        PORTC, 7
;Traffic Light.c,63 :: 		South_Yellow = 1 ;
0x0090	0x1408      	BSF        PORTD, 0
;Traffic Light.c,64 :: 		South_Green = 0 ;
0x0091	0x1088      	BCF        PORTD, 1
;Traffic Light.c,65 :: 		for( index = 0 ; index <= 3 ; ++index ){
0x0092	0x01A8      	CLRF       _index
0x0093	0x01A9      	CLRF       _index+1
L_Manual12:
0x0094	0x3080      	MOVLW      128
0x0095	0x00F0      	MOVWF      R0
0x0096	0x3080      	MOVLW      128
0x0097	0x0629      	XORWF      _index+1, 0
0x0098	0x0270      	SUBWF      R0, 0
0x0099	0x1D03      	BTFSS      STATUS, 2
0x009A	0x289D      	GOTO       L__Manual50
0x009B	0x0828      	MOVF       _index, 0
0x009C	0x3C03      	SUBLW      3
L__Manual50:
0x009D	0x1C03      	BTFSS      STATUS, 0
0x009E	0x28BD      	GOTO       L_Manual13
;Traffic Light.c,66 :: 		portb = Number[index];
0x009F	0x0828      	MOVF       _index, 0
0x00A0	0x00F0      	MOVWF      R0
0x00A1	0x0829      	MOVF       _index+1, 0
0x00A2	0x00F1      	MOVWF      R0+1
0x00A3	0x0DF0      	RLF        R0, 1
0x00A4	0x0DF1      	RLF        R0+1, 1
0x00A5	0x1070      	BCF        R0, 0
0x00A6	0x0870      	MOVF       R0, 0
0x00A7	0x3EA0      	ADDLW      _Number
0x00A8	0x0084      	MOVWF      FSR
0x00A9	0x0800      	MOVF       INDF, 0
0x00AA	0x0086      	MOVWF      PORTB
;Traffic Light.c,67 :: 		delay_ms(1000);
0x00AB	0x300B      	MOVLW      11
0x00AC	0x00FB      	MOVWF      R11
0x00AD	0x3026      	MOVLW      38
0x00AE	0x00FC      	MOVWF      R12
0x00AF	0x305D      	MOVLW      93
0x00B0	0x00FD      	MOVWF      R13
L_Manual15:
0x00B1	0x0BFD      	DECFSZ     R13, 1
0x00B2	0x28B1      	GOTO       L_Manual15
0x00B3	0x0BFC      	DECFSZ     R12, 1
0x00B4	0x28B1      	GOTO       L_Manual15
0x00B5	0x0BFB      	DECFSZ     R11, 1
0x00B6	0x28B1      	GOTO       L_Manual15
0x00B7	0x0000      	NOP
0x00B8	0x0000      	NOP
;Traffic Light.c,65 :: 		for( index = 0 ; index <= 3 ; ++index ){
0x00B9	0x0AA8      	INCF       _index, 1
0x00BA	0x1903      	BTFSC      STATUS, 2
0x00BB	0x0AA9      	INCF       _index+1, 1
;Traffic Light.c,68 :: 		}
0x00BC	0x2894      	GOTO       L_Manual12
L_Manual13:
;Traffic Light.c,69 :: 		M_Counter = 0 ;
0x00BD	0x01A4      	CLRF       _M_Counter
0x00BE	0x01A5      	CLRF       _M_Counter+1
;Traffic Light.c,70 :: 		}
L_Manual11:
;Traffic Light.c,71 :: 		}
L_Manual4:
;Traffic Light.c,72 :: 		M_SW_Lst = M_SW_Cur ;
0x00BF	0x0820      	MOVF       _M_SW_Cur, 0
0x00C0	0x00A2      	MOVWF      _M_SW_Lst
0x00C1	0x0821      	MOVF       _M_SW_Cur+1, 0
0x00C2	0x00A3      	MOVWF      _M_SW_Lst+1
;Traffic Light.c,73 :: 		portb = Number[0];
0x00C3	0x1683      	BSF        STATUS, 5
0x00C4	0x0820      	MOVF       _Number, 0
0x00C5	0x1283      	BCF        STATUS, 5
0x00C6	0x0086      	MOVWF      PORTB
;Traffic Light.c,74 :: 		}
0x00C7	0x2823      	GOTO       L_Manual0
L_Manual1:
;Traffic Light.c,75 :: 		}
L_end_Manual:
0x00C8	0x0008      	RETURN
; end of _Manual
_Automatic:
;Traffic Light.c,77 :: 		void Automatic(){
;Traffic Light.c,79 :: 		West_Red = 0 ;
0x00C9	0x1283      	BCF        STATUS, 5
0x00CA	0x1303      	BCF        STATUS, 6
0x00CB	0x1207      	BCF        PORTC, 4
;Traffic Light.c,80 :: 		West_Yellow = 1 ;
0x00CC	0x1687      	BSF        PORTC, 5
;Traffic Light.c,81 :: 		West_Green = 0 ;
0x00CD	0x1307      	BCF        PORTC, 6
;Traffic Light.c,83 :: 		South_Red = 1 ;
0x00CE	0x1787      	BSF        PORTC, 7
;Traffic Light.c,84 :: 		South_Yellow = 0 ;
0x00CF	0x1008      	BCF        PORTD, 0
;Traffic Light.c,85 :: 		South_Green = 0 ;
0x00D0	0x1088      	BCF        PORTD, 1
;Traffic Light.c,86 :: 		while( M_A_SW == 0 ){
L_Automatic16:
0x00D1	0x1908      	BTFSC      PORTD, 2
0x00D2	0x2966      	GOTO       L_Automatic17
;Traffic Light.c,87 :: 		for( index = 0 ; index < 39 && M_A_SW == 0 ; ++index ){
0x00D3	0x01A8      	CLRF       _index
0x00D4	0x01A9      	CLRF       _index+1
L_Automatic18:
0x00D5	0x3080      	MOVLW      128
0x00D6	0x0629      	XORWF      _index+1, 0
0x00D7	0x00F0      	MOVWF      R0
0x00D8	0x3080      	MOVLW      128
0x00D9	0x0270      	SUBWF      R0, 0
0x00DA	0x1D03      	BTFSS      STATUS, 2
0x00DB	0x28DE      	GOTO       L__Automatic52
0x00DC	0x3027      	MOVLW      39
0x00DD	0x0228      	SUBWF      _index, 0
L__Automatic52:
0x00DE	0x1803      	BTFSC      STATUS, 0
0x00DF	0x2965      	GOTO       L_Automatic19
0x00E0	0x1908      	BTFSC      PORTD, 2
0x00E1	0x2965      	GOTO       L_Automatic19
L__Automatic42:
;Traffic Light.c,88 :: 		portb = Number[index];
0x00E2	0x0828      	MOVF       _index, 0
0x00E3	0x00F0      	MOVWF      R0
0x00E4	0x0829      	MOVF       _index+1, 0
0x00E5	0x00F1      	MOVWF      R0+1
0x00E6	0x0DF0      	RLF        R0, 1
0x00E7	0x0DF1      	RLF        R0+1, 1
0x00E8	0x1070      	BCF        R0, 0
0x00E9	0x0870      	MOVF       R0, 0
0x00EA	0x3EA0      	ADDLW      _Number
0x00EB	0x0084      	MOVWF      FSR
0x00EC	0x0800      	MOVF       INDF, 0
0x00ED	0x0086      	MOVWF      PORTB
;Traffic Light.c,89 :: 		if( index <= 3 ){
0x00EE	0x3080      	MOVLW      128
0x00EF	0x00F0      	MOVWF      R0
0x00F0	0x3080      	MOVLW      128
0x00F1	0x0629      	XORWF      _index+1, 0
0x00F2	0x0270      	SUBWF      R0, 0
0x00F3	0x1D03      	BTFSS      STATUS, 2
0x00F4	0x28F7      	GOTO       L__Automatic53
0x00F5	0x0828      	MOVF       _index, 0
0x00F6	0x3C03      	SUBLW      3
L__Automatic53:
0x00F7	0x1C03      	BTFSS      STATUS, 0
0x00F8	0x28FF      	GOTO       L_Automatic23
;Traffic Light.c,90 :: 		West_Yellow = 1 ;
0x00F9	0x1687      	BSF        PORTC, 5
;Traffic Light.c,91 :: 		West_Red = 0 ;
0x00FA	0x1207      	BCF        PORTC, 4
;Traffic Light.c,92 :: 		West_Green = 0 ;
0x00FB	0x1307      	BCF        PORTC, 6
;Traffic Light.c,93 :: 		South_Red = 1 ;
0x00FC	0x1787      	BSF        PORTC, 7
;Traffic Light.c,94 :: 		South_Yellow = 0 ;
0x00FD	0x1008      	BCF        PORTD, 0
;Traffic Light.c,95 :: 		South_Green = 0 ;
0x00FE	0x1088      	BCF        PORTD, 1
;Traffic Light.c,96 :: 		}
L_Automatic23:
;Traffic Light.c,97 :: 		if( index >= 4 && index <= 23 ){
0x00FF	0x3080      	MOVLW      128
0x0100	0x0629      	XORWF      _index+1, 0
0x0101	0x00F0      	MOVWF      R0
0x0102	0x3080      	MOVLW      128
0x0103	0x0270      	SUBWF      R0, 0
0x0104	0x1D03      	BTFSS      STATUS, 2
0x0105	0x2908      	GOTO       L__Automatic54
0x0106	0x3004      	MOVLW      4
0x0107	0x0228      	SUBWF      _index, 0
L__Automatic54:
0x0108	0x1C03      	BTFSS      STATUS, 0
0x0109	0x291B      	GOTO       L_Automatic26
0x010A	0x3080      	MOVLW      128
0x010B	0x00F0      	MOVWF      R0
0x010C	0x3080      	MOVLW      128
0x010D	0x0629      	XORWF      _index+1, 0
0x010E	0x0270      	SUBWF      R0, 0
0x010F	0x1D03      	BTFSS      STATUS, 2
0x0110	0x2913      	GOTO       L__Automatic55
0x0111	0x0828      	MOVF       _index, 0
0x0112	0x3C17      	SUBLW      23
L__Automatic55:
0x0113	0x1C03      	BTFSS      STATUS, 0
0x0114	0x291B      	GOTO       L_Automatic26
L__Automatic41:
;Traffic Light.c,98 :: 		West_Yellow = 0 ;
0x0115	0x1287      	BCF        PORTC, 5
;Traffic Light.c,99 :: 		West_Red = 0 ;
0x0116	0x1207      	BCF        PORTC, 4
;Traffic Light.c,100 :: 		West_Green = 1 ;
0x0117	0x1707      	BSF        PORTC, 6
;Traffic Light.c,101 :: 		South_Red = 1 ;
0x0118	0x1787      	BSF        PORTC, 7
;Traffic Light.c,102 :: 		South_Yellow = 0 ;
0x0119	0x1008      	BCF        PORTD, 0
;Traffic Light.c,103 :: 		South_Green = 0 ;
0x011A	0x1088      	BCF        PORTD, 1
;Traffic Light.c,104 :: 		}
L_Automatic26:
;Traffic Light.c,105 :: 		if( index >= 24 && index <= 26 ){
0x011B	0x3080      	MOVLW      128
0x011C	0x0629      	XORWF      _index+1, 0
0x011D	0x00F0      	MOVWF      R0
0x011E	0x3080      	MOVLW      128
0x011F	0x0270      	SUBWF      R0, 0
0x0120	0x1D03      	BTFSS      STATUS, 2
0x0121	0x2924      	GOTO       L__Automatic56
0x0122	0x3018      	MOVLW      24
0x0123	0x0228      	SUBWF      _index, 0
L__Automatic56:
0x0124	0x1C03      	BTFSS      STATUS, 0
0x0125	0x2937      	GOTO       L_Automatic29
0x0126	0x3080      	MOVLW      128
0x0127	0x00F0      	MOVWF      R0
0x0128	0x3080      	MOVLW      128
0x0129	0x0629      	XORWF      _index+1, 0
0x012A	0x0270      	SUBWF      R0, 0
0x012B	0x1D03      	BTFSS      STATUS, 2
0x012C	0x292F      	GOTO       L__Automatic57
0x012D	0x0828      	MOVF       _index, 0
0x012E	0x3C1A      	SUBLW      26
L__Automatic57:
0x012F	0x1C03      	BTFSS      STATUS, 0
0x0130	0x2937      	GOTO       L_Automatic29
L__Automatic40:
;Traffic Light.c,106 :: 		West_Yellow = 0 ;
0x0131	0x1287      	BCF        PORTC, 5
;Traffic Light.c,107 :: 		West_Red = 1 ;
0x0132	0x1607      	BSF        PORTC, 4
;Traffic Light.c,108 :: 		West_Green = 0 ;
0x0133	0x1307      	BCF        PORTC, 6
;Traffic Light.c,109 :: 		South_Red = 0 ;
0x0134	0x1387      	BCF        PORTC, 7
;Traffic Light.c,110 :: 		South_Yellow = 1 ;
0x0135	0x1408      	BSF        PORTD, 0
;Traffic Light.c,111 :: 		South_Green = 0 ;
0x0136	0x1088      	BCF        PORTD, 1
;Traffic Light.c,112 :: 		}
L_Automatic29:
;Traffic Light.c,113 :: 		if( index >= 27 && index <= 38 ){
0x0137	0x3080      	MOVLW      128
0x0138	0x0629      	XORWF      _index+1, 0
0x0139	0x00F0      	MOVWF      R0
0x013A	0x3080      	MOVLW      128
0x013B	0x0270      	SUBWF      R0, 0
0x013C	0x1D03      	BTFSS      STATUS, 2
0x013D	0x2940      	GOTO       L__Automatic58
0x013E	0x301B      	MOVLW      27
0x013F	0x0228      	SUBWF      _index, 0
L__Automatic58:
0x0140	0x1C03      	BTFSS      STATUS, 0
0x0141	0x2953      	GOTO       L_Automatic32
0x0142	0x3080      	MOVLW      128
0x0143	0x00F0      	MOVWF      R0
0x0144	0x3080      	MOVLW      128
0x0145	0x0629      	XORWF      _index+1, 0
0x0146	0x0270      	SUBWF      R0, 0
0x0147	0x1D03      	BTFSS      STATUS, 2
0x0148	0x294B      	GOTO       L__Automatic59
0x0149	0x0828      	MOVF       _index, 0
0x014A	0x3C26      	SUBLW      38
L__Automatic59:
0x014B	0x1C03      	BTFSS      STATUS, 0
0x014C	0x2953      	GOTO       L_Automatic32
L__Automatic39:
;Traffic Light.c,114 :: 		West_Yellow = 0 ;
0x014D	0x1287      	BCF        PORTC, 5
;Traffic Light.c,115 :: 		West_Red = 1 ;
0x014E	0x1607      	BSF        PORTC, 4
;Traffic Light.c,116 :: 		West_Green = 0 ;
0x014F	0x1307      	BCF        PORTC, 6
;Traffic Light.c,117 :: 		South_Red = 0 ;
0x0150	0x1387      	BCF        PORTC, 7
;Traffic Light.c,118 :: 		South_Yellow = 0 ;
0x0151	0x1008      	BCF        PORTD, 0
;Traffic Light.c,119 :: 		South_Green = 1 ;
0x0152	0x1488      	BSF        PORTD, 1
;Traffic Light.c,120 :: 		}
L_Automatic32:
;Traffic Light.c,121 :: 		delay_ms(1000);
0x0153	0x300B      	MOVLW      11
0x0154	0x00FB      	MOVWF      R11
0x0155	0x3026      	MOVLW      38
0x0156	0x00FC      	MOVWF      R12
0x0157	0x305D      	MOVLW      93
0x0158	0x00FD      	MOVWF      R13
L_Automatic33:
0x0159	0x0BFD      	DECFSZ     R13, 1
0x015A	0x2959      	GOTO       L_Automatic33
0x015B	0x0BFC      	DECFSZ     R12, 1
0x015C	0x2959      	GOTO       L_Automatic33
0x015D	0x0BFB      	DECFSZ     R11, 1
0x015E	0x2959      	GOTO       L_Automatic33
0x015F	0x0000      	NOP
0x0160	0x0000      	NOP
;Traffic Light.c,87 :: 		for( index = 0 ; index < 39 && M_A_SW == 0 ; ++index ){
0x0161	0x0AA8      	INCF       _index, 1
0x0162	0x1903      	BTFSC      STATUS, 2
0x0163	0x0AA9      	INCF       _index+1, 1
;Traffic Light.c,122 :: 		}
0x0164	0x28D5      	GOTO       L_Automatic18
L_Automatic19:
;Traffic Light.c,123 :: 		}
0x0165	0x28D1      	GOTO       L_Automatic16
L_Automatic17:
;Traffic Light.c,124 :: 		}
L_end_Automatic:
0x0166	0x0008      	RETURN
; end of _Automatic
_main:
0x0167	0x21D0      	CALL       464
;Traffic Light.c,126 :: 		void main() {
;Traffic Light.c,127 :: 		trisb = 0;
0x0168	0x1683      	BSF        STATUS, 5
0x0169	0x1303      	BCF        STATUS, 6
0x016A	0x0186      	CLRF       TRISB
;Traffic Light.c,128 :: 		trisc = 0;
0x016B	0x0187      	CLRF       TRISC
;Traffic Light.c,129 :: 		trisd = 0b00001100;
0x016C	0x300C      	MOVLW      12
0x016D	0x0088      	MOVWF      TRISD
;Traffic Light.c,130 :: 		portc = 0xff ;
0x016E	0x30FF      	MOVLW      255
0x016F	0x1283      	BCF        STATUS, 5
0x0170	0x0087      	MOVWF      PORTC
;Traffic Light.c,131 :: 		while(1){
L_main34:
;Traffic Light.c,132 :: 		if( M_A_SW == 0 ) Automatic();
0x0171	0x1908      	BTFSC      PORTD, 2
0x0172	0x2975      	GOTO       L_main36
0x0173	0x20C9      	CALL       _Automatic
0x0174	0x2976      	GOTO       L_main37
L_main36:
;Traffic Light.c,133 :: 		else Manual();
0x0175	0x2016      	CALL       _Manual
L_main37:
;Traffic Light.c,134 :: 		}
0x0176	0x2971      	GOTO       L_main34
;Traffic Light.c,135 :: 		}
L_end_main:
0x0177	0x2977      	GOTO       $+0
; end of _main
0x01D0	0x3020      	MOVLW      32
0x01D1	0x0084      	MOVWF      FSR
0x01D2	0x3004      	MOVLW      4
0x01D3	0x1283      	BCF        STATUS, 5
0x01D4	0x1303      	BCF        STATUS, 6
0x01D5	0x00F0      	MOVWF      R0
0x01D6	0x30CB      	MOVLW      203
0x01D7	0x00A6      	MOVWF      ___DoICPAddr
0x01D8	0x3001      	MOVLW      1
0x01D9	0x00A7      	MOVWF      39
0x01DA	0x200A      	CALL       10
0x01DB	0x30A0      	MOVLW      160
0x01DC	0x0084      	MOVWF      FSR
0x01DD	0x304E      	MOVLW      78
0x01DE	0x1303      	BCF        STATUS, 6
0x01DF	0x00F0      	MOVWF      R0
0x01E0	0x307D      	MOVLW      125
0x01E1	0x00A6      	MOVWF      ___DoICPAddr
0x01E2	0x3001      	MOVLW      1
0x01E3	0x00A7      	MOVWF      39
0x01E4	0x200A      	CALL       10
0x01E5	0x0008      	RETURN
;Traffic Light.c,0 :: ?ICS_Number
0x017D	0x3400 ;?ICS_Number+0
0x017E	0x3400 ;?ICS_Number+1
0x017F	0x3401 ;?ICS_Number+2
0x0180	0x3400 ;?ICS_Number+3
0x0181	0x3402 ;?ICS_Number+4
0x0182	0x3400 ;?ICS_Number+5
0x0183	0x3403 ;?ICS_Number+6
0x0184	0x3400 ;?ICS_Number+7
0x0185	0x3404 ;?ICS_Number+8
0x0186	0x3400 ;?ICS_Number+9
0x0187	0x3405 ;?ICS_Number+10
0x0188	0x3400 ;?ICS_Number+11
0x0189	0x3406 ;?ICS_Number+12
0x018A	0x3400 ;?ICS_Number+13
0x018B	0x3407 ;?ICS_Number+14
0x018C	0x3400 ;?ICS_Number+15
0x018D	0x3408 ;?ICS_Number+16
0x018E	0x3400 ;?ICS_Number+17
0x018F	0x3409 ;?ICS_Number+18
0x0190	0x3400 ;?ICS_Number+19
0x0191	0x3410 ;?ICS_Number+20
0x0192	0x3400 ;?ICS_Number+21
0x0193	0x3411 ;?ICS_Number+22
0x0194	0x3400 ;?ICS_Number+23
0x0195	0x3412 ;?ICS_Number+24
0x0196	0x3400 ;?ICS_Number+25
0x0197	0x3413 ;?ICS_Number+26
0x0198	0x3400 ;?ICS_Number+27
0x0199	0x3414 ;?ICS_Number+28
0x019A	0x3400 ;?ICS_Number+29
0x019B	0x3415 ;?ICS_Number+30
0x019C	0x3400 ;?ICS_Number+31
0x019D	0x3416 ;?ICS_Number+32
0x019E	0x3400 ;?ICS_Number+33
0x019F	0x3417 ;?ICS_Number+34
0x01A0	0x3400 ;?ICS_Number+35
0x01A1	0x3418 ;?ICS_Number+36
0x01A2	0x3400 ;?ICS_Number+37
0x01A3	0x3419 ;?ICS_Number+38
0x01A4	0x3400 ;?ICS_Number+39
0x01A5	0x3420 ;?ICS_Number+40
0x01A6	0x3400 ;?ICS_Number+41
0x01A7	0x3421 ;?ICS_Number+42
0x01A8	0x3400 ;?ICS_Number+43
0x01A9	0x3422 ;?ICS_Number+44
0x01AA	0x3400 ;?ICS_Number+45
0x01AB	0x3423 ;?ICS_Number+46
0x01AC	0x3400 ;?ICS_Number+47
0x01AD	0x3424 ;?ICS_Number+48
0x01AE	0x3400 ;?ICS_Number+49
0x01AF	0x3425 ;?ICS_Number+50
0x01B0	0x3400 ;?ICS_Number+51
0x01B1	0x3426 ;?ICS_Number+52
0x01B2	0x3400 ;?ICS_Number+53
0x01B3	0x3427 ;?ICS_Number+54
0x01B4	0x3400 ;?ICS_Number+55
0x01B5	0x3428 ;?ICS_Number+56
0x01B6	0x3400 ;?ICS_Number+57
0x01B7	0x3429 ;?ICS_Number+58
0x01B8	0x3400 ;?ICS_Number+59
0x01B9	0x3430 ;?ICS_Number+60
0x01BA	0x3400 ;?ICS_Number+61
0x01BB	0x3431 ;?ICS_Number+62
0x01BC	0x3400 ;?ICS_Number+63
0x01BD	0x3432 ;?ICS_Number+64
0x01BE	0x3400 ;?ICS_Number+65
0x01BF	0x3433 ;?ICS_Number+66
0x01C0	0x3400 ;?ICS_Number+67
0x01C1	0x3434 ;?ICS_Number+68
0x01C2	0x3400 ;?ICS_Number+69
0x01C3	0x3435 ;?ICS_Number+70
0x01C4	0x3400 ;?ICS_Number+71
0x01C5	0x3436 ;?ICS_Number+72
0x01C6	0x3400 ;?ICS_Number+73
0x01C7	0x3437 ;?ICS_Number+74
0x01C8	0x3400 ;?ICS_Number+75
0x01C9	0x3438 ;?ICS_Number+76
0x01CA	0x3400 ;?ICS_Number+77
; end of ?ICS_Number
;Traffic Light.c,0 :: ?ICS_M_SW_Cur
0x01CB	0x3400 ;?ICS_M_SW_Cur+0
0x01CC	0x3400 ;?ICS_M_SW_Cur+1
; end of ?ICS_M_SW_Cur
;Traffic Light.c,0 :: ?ICS_M_SW_Lst
0x01CD	0x3400 ;?ICS_M_SW_Lst+0
0x01CE	0x3400 ;?ICS_M_SW_Lst+1
; end of ?ICS_M_SW_Lst
Symbol List:
//** Routines locations **
//ADDRESS    SIZE    PROCEDURE
//----------------------------------------------
0x0003       [7]    _____DoICP
0x000A      [12]    ___CC2DW
0x0016     [179]    _Manual
0x00C9     [158]    _Automatic
0x0167      [16]    _main
//** Variables locations ** 
//ADDRESS    SIZE    VARIABLE
//----------------------------------------------
0x0000       [1]    INDF
0x0002       [1]    PCL
0x0003       [1]    STATUS
0x0004       [1]    FSR
0x0006       [1]    PORTB
0x0007       [1]    PORTC
0x0008       [1]    PORTD
0x000A       [1]    PCLATH
0x0020       [2]    _M_SW_Cur
0x0022       [2]    _M_SW_Lst
0x0024       [2]    _M_Counter
0x0026       [2]    ___DoICPAddr
0x0028       [2]    _index
0x0070       [1]    R0
0x0071       [1]    R1
0x0072       [1]    R2
0x0073       [1]    R3
0x0074       [1]    R4
0x0075       [1]    R5
0x0076       [1]    R6
0x0077       [1]    R7
0x0078       [1]    R8
0x0079       [1]    R9
0x007A       [1]    R10
0x007B       [1]    R11
0x007C       [1]    R12
0x007D       [1]    R13
0x007E       [1]    R14
0x007F       [1]    R15
0x0086       [1]    TRISB
0x0087       [1]    TRISC
0x0088       [1]    TRISD
0x00A0      [78]    _Number
//** Constants locations ** 
//ADDRESS    SIZE    CONSTANT
//----------------------------------------------
0x017D      [78]    ?ICS_Number
0x01CB       [2]    ?ICS_M_SW_Cur
0x01CD       [2]    ?ICS_M_SW_Lst
//** Label List: ** 
//----------------------------------------------
  L_Manual0
  L_Manual1
  L_Manual2
  L_Manual3
  L_Manual4
  L_Manual5
  L_Manual6
  L_Manual7
  L_Manual8
  L_Manual9
  L_Manual10
  L_Manual11
  L_Manual12
  L_Manual13
  L_Manual14
  L_Manual15
  L_Automatic16
  L_Automatic17
  L_Automatic18
  L_Automatic19
  L_Automatic20
  L_Automatic21
  L_Automatic22
  L_Automatic23
  L_Automatic24
  L_Automatic25
  L_Automatic26
  L_Automatic27
  L_Automatic28
  L_Automatic29
  L_Automatic30
  L_Automatic31
  L_Automatic32
  L_Automatic33
  L_main34
  L_main35
  L_main36
  L_main37
  L__Manual38
  L__Automatic39
  L__Automatic40
  L__Automatic41
  L__Automatic42
  L_end_Manual
  _Manual
  L__Manual44
  L__Manual45
  L__Manual46
  L__Manual47
  L__Manual48
  L__Manual49
  L__Manual50
  L_end_Automatic
  _Automatic
  L__Automatic52
  L__Automatic53
  L__Automatic54
  L__Automatic55
  L__Automatic56
  L__Automatic57
  L__Automatic58
  L__Automatic59
  L_end_main
  _main
  L_loopCA2AWs
  L_CA2AWend
  _CCA2AW_Loop1
  L_loopCS2Ss
  L_CS2Send
  _CCS2S_Loop1
  L_CCS2Send
  L_loopFZinSWs
  L_FZinSend
  _CC2D_Loop1
  L_end_____DoICP
  _____DoICP
  L_end_____DoIFC
  _____DoIFC
  L_end___CA2AW
  ___CA2AW
  L_end___CCA2AW
  ___CCA2AW
  L_end___CS2S
  ___CS2S
  L_end___CCS2S
  ___CCS2S
  L_end___FZinS
  ___FZinS
  L_end___CC2DW
  ___CC2DW
  L_end_Swap
  _Swap
